[2026-05-08T14:54:59.226Z] Plugin initialized: 12 commands [
  "test",
  "build-context-system",
  "worktrees",
  "clean",
  "commit",
  "context",
  "validate-repo",
  "add-context",
  "analyze-patterns",
  "optimize",
  "prompt-enhancer",
  "check-context-deps"
]
[2026-05-08T14:54:59.375Z] Registered /subtask command
[2026-05-08T14:56:03.190Z] message-hooks: ENTRY msgCount=1, sessions=ses_1f7e95877ffe1dkfDkn37Gpehv
[2026-05-08T14:56:03.190Z] message-hooks: MESSAGES: [0]user: text:"How do we currently get the email of the...", text:"<system-reminder>
# Plan Mode - System R..."(syn)
[2026-05-08T14:56:03.190Z] message-hooks: post-filter, msgCount=1
[2026-05-08T14:56:03.190Z] message-hooks: about to search for OPENCODE_GENERIC
[2026-05-08T14:56:03.190Z] message-hooks: searching 1 messages for OPENCODE_GENERIC
[2026-05-08T14:56:03.190Z] message-hooks: found synthetic text at [0]: "<system-reminder>
# Plan Mode - System Reminder

C..." matches=false
[2026-05-08T14:56:03.190Z] message-hooks: generic search complete, found=false, index=-1
[2026-05-08T14:56:03.190Z] message-hooks: no generic part found, checking for pending prompt return
[2026-05-08T14:56:33.308Z] tool.before: taskSession=ses_1f7e95877ffe1dkfDkn37Gpehv, prompt="Find where and how the system ...", pendingParentSession=NOT FOUND
[2026-05-08T14:56:33.308Z] tool.before: callID=toolu_01X8AhcPm3FvkboBFAJdy5Fg, cmd=undefined, desc="Find member email retrieval", mainCmd=undefined
[2026-05-08T14:56:33.372Z] message-hooks: ENTRY msgCount=1, sessions=ses_1f7e8e1ddffeuYcveQrbcjioFE
[2026-05-08T14:56:33.372Z] message-hooks: MESSAGES: [0]user: text:"Find where and how the system currently ..."
[2026-05-08T14:56:33.372Z] message-hooks: post-filter, msgCount=1
[2026-05-08T14:56:33.372Z] message-hooks: about to search for OPENCODE_GENERIC
[2026-05-08T14:56:33.372Z] message-hooks: searching 1 messages for OPENCODE_GENERIC
[2026-05-08T14:56:33.372Z] message-hooks: generic search complete, found=false, index=-1
[2026-05-08T14:56:33.372Z] message-hooks: no generic part found, checking for pending prompt return
[2026-05-08T14:56:37.986Z] message-hooks: ENTRY msgCount=2, sessions=ses_1f7e8e1ddffeuYcveQrbcjioFE
[2026-05-08T14:56:37.986Z] message-hooks: MESSAGES: [0]user: text:"Find where and how the system currently ..." | [1]assistant: step-start, text:"I'll search the codebase to understand h...", tool:completed, tool:completed, step-finish, patch
[2026-05-08T14:56:37.986Z] message-hooks: post-filter, msgCount=2
[2026-05-08T14:56:37.986Z] message-hooks: about to search for OPENCODE_GENERIC
[2026-05-08T14:56:37.986Z] message-hooks: searching 2 messages for OPENCODE_GENERIC
[2026-05-08T14:56:37.986Z] message-hooks: generic search complete, found=false, index=-1
[2026-05-08T14:56:37.986Z] message-hooks: no generic part found, checking for pending prompt return
[2026-05-08T14:56:42.465Z] message-hooks: ENTRY msgCount=3, sessions=ses_1f7e8e1ddffeuYcveQrbcjioFE
[2026-05-08T14:56:42.465Z] message-hooks: MESSAGES: [0]user: text:"Find where and how the system currently ..." | [1]assistant: step-start, text:"I'll search the codebase to understand h...", tool:completed, tool:completed, step-finish, patch | [2]assistant: step-start, text:"Now let me find where `getNocEmailForAsn...", tool:completed, tool:completed, step-finish, patch
[2026-05-08T14:56:42.465Z] message-hooks: post-filter, msgCount=3
[2026-05-08T14:56:42.465Z] message-hooks: about to search for OPENCODE_GENERIC
[2026-05-08T14:56:42.465Z] message-hooks: searching 3 messages for OPENCODE_GENERIC
[2026-05-08T14:56:42.465Z] message-hooks: generic search complete, found=false, index=-1
[2026-05-08T14:56:42.465Z] message-hooks: no generic part found, checking for pending prompt return
[2026-05-08T14:56:45.892Z] message-hooks: ENTRY msgCount=4, sessions=ses_1f7e8e1ddffeuYcveQrbcjioFE
[2026-05-08T14:56:45.892Z] message-hooks: MESSAGES: [0]user: text:"Find where and how the system currently ..." | [1]assistant: step-start, text:"I'll search the codebase to understand h...", tool:completed, tool:completed, step-finish, patch | [2]assistant: step-start, text:"Now let me find where `getNocEmailForAsn...", tool:completed, tool:completed, step-finish, patch | [3]assistant: step-start, text:"Let me read the relevant section of sess...", tool:completed, step-finish, patch
[2026-05-08T14:56:45.892Z] message-hooks: post-filter, msgCount=4
[2026-05-08T14:56:45.892Z] message-hooks: about to search for OPENCODE_GENERIC
[2026-05-08T14:56:45.892Z] message-hooks: searching 4 messages for OPENCODE_GENERIC
[2026-05-08T14:56:45.892Z] message-hooks: generic search complete, found=false, index=-1
[2026-05-08T14:56:45.892Z] message-hooks: no generic part found, checking for pending prompt return
[2026-05-08T14:56:48.765Z] message-hooks: ENTRY msgCount=5, sessions=ses_1f7e8e1ddffeuYcveQrbcjioFE
[2026-05-08T14:56:48.765Z] message-hooks: MESSAGES: [0]user: text:"Find where and how the system currently ..." | [1]assistant: step-start, text:"I'll search the codebase to understand h...", tool:completed, tool:completed, step-finish, patch | [2]assistant: step-start, text:"Now let me find where `getNocEmailForAsn...", tool:completed, tool:completed, step-finish, patch | [3]assistant: step-start, text:"Let me read the relevant section of sess...", tool:completed, step-finish, patch | [4]assistant: step-start, text:"Let me also check where `getRecipients` ...", tool:completed, step-finish, patch
[2026-05-08T14:56:48.765Z] message-hooks: post-filter, msgCount=5
[2026-05-08T14:56:48.765Z] message-hooks: about to search for OPENCODE_GENERIC
[2026-05-08T14:56:48.765Z] message-hooks: searching 5 messages for OPENCODE_GENERIC
[2026-05-08T14:56:48.765Z] message-hooks: generic search complete, found=false, index=-1
[2026-05-08T14:56:48.765Z] message-hooks: no generic part found, checking for pending prompt return
[2026-05-08T14:56:51.270Z] message-hooks: ENTRY msgCount=6, sessions=ses_1f7e8e1ddffeuYcveQrbcjioFE
[2026-05-08T14:56:51.270Z] message-hooks: MESSAGES: [0]user: text:"Find where and how the system currently ..." | [1]assistant: step-start, text:"I'll search the codebase to understand h...", tool:completed, tool:completed, step-finish, patch | [2]assistant: step-start, text:"Now let me find where `getNocEmailForAsn...", tool:completed, tool:completed, step-finish, patch | [3]assistant: step-start, text:"Let me read the relevant section of sess...", tool:completed, step-finish, patch | [4]assistant: step-start, text:"Let me also check where `getRecipients` ...", tool:completed, step-finish, patch | [5]assistant: step-start, tool:completed, step-finish, patch
[2026-05-08T14:56:51.270Z] message-hooks: post-filter, msgCount=6
[2026-05-08T14:56:51.270Z] message-hooks: about to search for OPENCODE_GENERIC
[2026-05-08T14:56:51.270Z] message-hooks: searching 6 messages for OPENCODE_GENERIC
[2026-05-08T14:56:51.270Z] message-hooks: generic search complete, found=false, index=-1
[2026-05-08T14:56:51.270Z] message-hooks: no generic part found, checking for pending prompt return
[2026-05-08T14:57:22.126Z] session.idle: sessionID=ses_1f7e8e1ddffeuYcveQrbcjioFE
[2026-05-08T14:57:22.128Z] tool.after: callID=toolu_01X8AhcPm3FvkboBFAJdy5Fg, cmd=undefined, wasTracked=false
[2026-05-08T14:57:22.128Z] tool.after: parentSession=undefined, loopSession=ses_1f7e95877ffe1dkfDkn37Gpehv, hasLoop=false, isInlineLoop=false
[2026-05-08T14:57:22.400Z] message-hooks: ENTRY msgCount=2, sessions=ses_1f7e95877ffe1dkfDkn37Gpehv
[2026-05-08T14:57:22.400Z] message-hooks: MESSAGES: [0]user: text:"How do we currently get the email of the...", text:"<system-reminder>
# Plan Mode - System R..."(syn) | [1]assistant: step-start, reasoning, tool:completed, step-finish, patch
[2026-05-08T14:57:22.400Z] message-hooks: post-filter, msgCount=2
[2026-05-08T14:57:22.400Z] message-hooks: about to search for OPENCODE_GENERIC
[2026-05-08T14:57:22.400Z] message-hooks: searching 2 messages for OPENCODE_GENERIC
[2026-05-08T14:57:22.400Z] message-hooks: found synthetic text at [0]: "<system-reminder>
# Plan Mode - System Reminder

C..." matches=false
[2026-05-08T14:57:22.400Z] message-hooks: generic search complete, found=false, index=-1
[2026-05-08T14:57:22.400Z] message-hooks: no generic part found, checking for pending prompt return
[2026-05-08T14:57:33.915Z] session.idle: sessionID=ses_1f7e95877ffe1dkfDkn37Gpehv
